<?xml version="1.0" encoding="UTF-8"?>
<!-- Generated by org.testng.reporters.JUnitReportReporter -->
<testsuite skipped="0" hostname="DESKTOP-0QABEA8" name="carwale.qa.testcases.NewCarsPageTest" tests="1" failures="0" timestamp="03 Sep 2019 09:27:56 GMT" time="29.094" errors="0">
  <testcase name="verifyNewCarsHeadingTest" time="29.094" classname="carwale.qa.testcases.NewCarsPageTest"/>
</testsuite> <!-- carwale.qa.testcases.NewCarsPageTest -->
