<?xml version="1.0" encoding="UTF-8"?>
<!-- Generated by org.testng.reporters.JUnitReportReporter -->
<testsuite skipped="0" hostname="DESKTOP-0QABEA8" name="carwale.qa.testcases.SignUpPageTest" tests="3" failures="0" timestamp="03 Sep 2019 09:27:56 GMT" time="35.893" errors="0">
  <testcase name="validateCreateNewSignUp" time="10.927" classname="carwale.qa.testcases.SignUpPageTest"/>
  <testcase name="validateCreateNewSignUp" time="12.621" classname="carwale.qa.testcases.SignUpPageTest"/>
  <testcase name="validateCreateNewSignUp" time="12.345" classname="carwale.qa.testcases.SignUpPageTest"/>
</testsuite> <!-- carwale.qa.testcases.SignUpPageTest -->
