<?xml version="1.0" encoding="UTF-8"?>
<!-- Generated by org.testng.reporters.JUnitReportReporter -->
<testsuite skipped="0" hostname="DESKTOP-0QABEA8" name="carwale.qa.testcases.NewCarsPageTest" tests="1" failures="0" timestamp="10 Sep 2019 11:35:51 GMT" time="25.200" errors="0">
  <testcase name="verifyNewCarsHeadingTest" time="25.200" classname="carwale.qa.testcases.NewCarsPageTest"/>
</testsuite> <!-- carwale.qa.testcases.NewCarsPageTest -->
