<?xml version="1.0" encoding="UTF-8"?>
<!-- Generated by org.testng.reporters.JUnitReportReporter -->
<testsuite skipped="0" hostname="DESKTOP-0QABEA8" name="carwale.qa.testcases.SignUpPageTest" tests="3" failures="0" timestamp="10 Sep 2019 11:35:51 GMT" time="51.743" errors="0">
  <testcase name="validateCreateNewSignUp" time="17.118" classname="carwale.qa.testcases.SignUpPageTest"/>
  <testcase name="validateCreateNewSignUp" time="18.133" classname="carwale.qa.testcases.SignUpPageTest"/>
  <testcase name="validateCreateNewSignUp" time="16.492" classname="carwale.qa.testcases.SignUpPageTest"/>
</testsuite> <!-- carwale.qa.testcases.SignUpPageTest -->
