<?xml version="1.0" encoding="UTF-8"?>
<!-- Generated by org.testng.reporters.JUnitReportReporter -->
<testsuite skipped="0" hostname="DESKTOP-0QABEA8" name="carwale.qa.testcases.HomePageTest" tests="4" failures="0" timestamp="10 Sep 2019 11:35:51 GMT" time="84.486" errors="0">
  <testcase name="homePageTitleTest" time="17.957" classname="carwale.qa.testcases.HomePageTest"/>
  <testcase name="clickOnNewCarsLinkTest" time="23.180" classname="carwale.qa.testcases.HomePageTest"/>
  <testcase name="validateSearchBoxTest" time="26.819" classname="carwale.qa.testcases.HomePageTest"/>
  <testcase name="openSignUpPage" time="16.530" classname="carwale.qa.testcases.HomePageTest"/>
</testsuite> <!-- carwale.qa.testcases.HomePageTest -->
